Compiling the C compiler identification source file "CMakeCCompilerId.c" failed.
Compiler: /usr/bin/cc 
Build flags: 
Id flags:  

The output was:
1
/usr/bin/x86_64-linux-gnu-ld: cannot find Scrt1.o: Nie ma takiego pliku ani katalogu
/usr/bin/x86_64-linux-gnu-ld: cannot find crti.o: Nie ma takiego pliku ani katalogu
collect2: error: ld returned 1 exit status


Compiling the CXX compiler identification source file "CMakeCXXCompilerId.cpp" failed.
Compiler: CMAKE_CXX_COMPILER-NOTFOUND 
Build flags: 
Id flags:  

The output was:
No such file or directory


Compiling the CXX compiler identification source file "CMakeCXXCompilerId.cpp" failed.
Compiler: CMAKE_CXX_COMPILER-NOTFOUND 
Build flags: 
Id flags: -c 

The output was:
No such file or directory


Compiling the CXX compiler identification source file "CMakeCXXCompilerId.cpp" failed.
Compiler: CMAKE_CXX_COMPILER-NOTFOUND 
Build flags: 
Id flags: --c++ 

The output was:
No such file or directory


Compiling the CXX compiler identification source file "CMakeCXXCompilerId.cpp" failed.
Compiler: CMAKE_CXX_COMPILER-NOTFOUND 
Build flags: 
Id flags: --ec++ 

The output was:
No such file or directory


Compiling the CXX compiler identification source file "CMakeCXXCompilerId.cpp" failed.
Compiler: CMAKE_CXX_COMPILER-NOTFOUND 
Build flags: 
Id flags:  

The output was:
No such file or directory


Compiling the CXX compiler identification source file "CMakeCXXCompilerId.cpp" failed.
Compiler: CMAKE_CXX_COMPILER-NOTFOUND 
Build flags: 
Id flags: -c 

The output was:
No such file or directory


Compiling the CXX compiler identification source file "CMakeCXXCompilerId.cpp" failed.
Compiler: CMAKE_CXX_COMPILER-NOTFOUND 
Build flags: 
Id flags: --c++ 

The output was:
No such file or directory


Compiling the CXX compiler identification source file "CMakeCXXCompilerId.cpp" failed.
Compiler: CMAKE_CXX_COMPILER-NOTFOUND 
Build flags: 
Id flags: --ec++ 

The output was:
No such file or directory


Determining if the C compiler works failed with the following output:
Change Dir: /home/piotr/CLionProjects/SK/cmake-build-debug/CMakeFiles/CMakeTmp

Run Build Command:"/usr/bin/make" "cmTC_04e8c/fast"
/usr/bin/make -f CMakeFiles/cmTC_04e8c.dir/build.make CMakeFiles/cmTC_04e8c.dir/build
make[1]: Wejście do katalogu '/home/piotr/CLionProjects/SK/cmake-build-debug/CMakeFiles/CMakeTmp'
Building C object CMakeFiles/cmTC_04e8c.dir/testCCompiler.c.o
/usr/bin/cc    -o CMakeFiles/cmTC_04e8c.dir/testCCompiler.c.o   -c /home/piotr/CLionProjects/SK/cmake-build-debug/CMakeFiles/CMakeTmp/testCCompiler.c
Linking C executable cmTC_04e8c
/home/piotr/Clion/clion-2018.3/bin/cmake/linux/bin/cmake -E cmake_link_script CMakeFiles/cmTC_04e8c.dir/link.txt --verbose=1
/usr/bin/cc      CMakeFiles/cmTC_04e8c.dir/testCCompiler.c.o  -o cmTC_04e8c 
/usr/bin/x86_64-linux-gnu-ld: cannot find Scrt1.o: Nie ma takiego pliku ani katalogu
/usr/bin/x86_64-linux-gnu-ld: cannot find crti.o: Nie ma takiego pliku ani katalogu
collect2: error: ld returned 1 exit status
CMakeFiles/cmTC_04e8c.dir/build.make:86: recipe for target 'cmTC_04e8c' failed
make[1]: *** [cmTC_04e8c] Error 1
make[1]: Opuszczenie katalogu '/home/piotr/CLionProjects/SK/cmake-build-debug/CMakeFiles/CMakeTmp'
Makefile:121: recipe for target 'cmTC_04e8c/fast' failed
make: *** [cmTC_04e8c/fast] Error 2


Compiling the C compiler identification source file "CMakeCCompilerId.c" failed.
Compiler: /usr/bin/cc 
Build flags: 
Id flags:  

The output was:
1
/usr/bin/x86_64-linux-gnu-ld: cannot find Scrt1.o: Nie ma takiego pliku ani katalogu
/usr/bin/x86_64-linux-gnu-ld: cannot find crti.o: Nie ma takiego pliku ani katalogu
collect2: error: ld returned 1 exit status


Compiling the CXX compiler identification source file "CMakeCXXCompilerId.cpp" failed.
Compiler: CMAKE_CXX_COMPILER-NOTFOUND 
Build flags: 
Id flags:  

The output was:
No such file or directory


Compiling the CXX compiler identification source file "CMakeCXXCompilerId.cpp" failed.
Compiler: CMAKE_CXX_COMPILER-NOTFOUND 
Build flags: 
Id flags: -c 

The output was:
No such file or directory


Compiling the CXX compiler identification source file "CMakeCXXCompilerId.cpp" failed.
Compiler: CMAKE_CXX_COMPILER-NOTFOUND 
Build flags: 
Id flags: --c++ 

The output was:
No such file or directory


Compiling the CXX compiler identification source file "CMakeCXXCompilerId.cpp" failed.
Compiler: CMAKE_CXX_COMPILER-NOTFOUND 
Build flags: 
Id flags: --ec++ 

The output was:
No such file or directory


Compiling the CXX compiler identification source file "CMakeCXXCompilerId.cpp" failed.
Compiler: CMAKE_CXX_COMPILER-NOTFOUND 
Build flags: 
Id flags:  

The output was:
No such file or directory


Compiling the CXX compiler identification source file "CMakeCXXCompilerId.cpp" failed.
Compiler: CMAKE_CXX_COMPILER-NOTFOUND 
Build flags: 
Id flags: -c 

The output was:
No such file or directory


Compiling the CXX compiler identification source file "CMakeCXXCompilerId.cpp" failed.
Compiler: CMAKE_CXX_COMPILER-NOTFOUND 
Build flags: 
Id flags: --c++ 

The output was:
No such file or directory


Compiling the CXX compiler identification source file "CMakeCXXCompilerId.cpp" failed.
Compiler: CMAKE_CXX_COMPILER-NOTFOUND 
Build flags: 
Id flags: --ec++ 

The output was:
No such file or directory


Determining if the C compiler works failed with the following output:
Change Dir: /home/piotr/CLionProjects/SK/cmake-build-debug/CMakeFiles/CMakeTmp

Run Build Command:"/usr/bin/make" "cmTC_a3e58/fast"
/usr/bin/make -f CMakeFiles/cmTC_a3e58.dir/build.make CMakeFiles/cmTC_a3e58.dir/build
make[1]: Wejście do katalogu '/home/piotr/CLionProjects/SK/cmake-build-debug/CMakeFiles/CMakeTmp'
Building C object CMakeFiles/cmTC_a3e58.dir/testCCompiler.c.o
/usr/bin/cc    -o CMakeFiles/cmTC_a3e58.dir/testCCompiler.c.o   -c /home/piotr/CLionProjects/SK/cmake-build-debug/CMakeFiles/CMakeTmp/testCCompiler.c
Linking C executable cmTC_a3e58
/home/piotr/Clion/clion-2018.3/bin/cmake/linux/bin/cmake -E cmake_link_script CMakeFiles/cmTC_a3e58.dir/link.txt --verbose=1
/usr/bin/cc      CMakeFiles/cmTC_a3e58.dir/testCCompiler.c.o  -o cmTC_a3e58 
/usr/bin/x86_64-linux-gnu-ld: cannot find Scrt1.o: Nie ma takiego pliku ani katalogu
/usr/bin/x86_64-linux-gnu-ld: cannot find crti.o: Nie ma takiego pliku ani katalogu
collect2: error: ld returned 1 exit status
CMakeFiles/cmTC_a3e58.dir/build.make:86: recipe for target 'cmTC_a3e58' failed
make[1]: *** [cmTC_a3e58] Error 1
make[1]: Opuszczenie katalogu '/home/piotr/CLionProjects/SK/cmake-build-debug/CMakeFiles/CMakeTmp'
Makefile:121: recipe for target 'cmTC_a3e58/fast' failed
make: *** [cmTC_a3e58/fast] Error 2


Determining if the pthread_create exist failed with the following output:
Change Dir: /home/piotr/CLionProjects/SK/cmake-build-debug/CMakeFiles/CMakeTmp

Run Build Command:"/usr/bin/make" "cmTC_629bf/fast"
/usr/bin/make -f CMakeFiles/cmTC_629bf.dir/build.make CMakeFiles/cmTC_629bf.dir/build
make[1]: Wejście do katalogu '/home/piotr/CLionProjects/SK/cmake-build-debug/CMakeFiles/CMakeTmp'
Building C object CMakeFiles/cmTC_629bf.dir/CheckSymbolExists.c.o
/usr/bin/cc    -o CMakeFiles/cmTC_629bf.dir/CheckSymbolExists.c.o   -c /home/piotr/CLionProjects/SK/cmake-build-debug/CMakeFiles/CMakeTmp/CheckSymbolExists.c
Linking C executable cmTC_629bf
/home/piotr/Clion/clion-2018.3/bin/cmake/linux/bin/cmake -E cmake_link_script CMakeFiles/cmTC_629bf.dir/link.txt --verbose=1
/usr/bin/cc      CMakeFiles/cmTC_629bf.dir/CheckSymbolExists.c.o  -o cmTC_629bf 
CMakeFiles/cmTC_629bf.dir/CheckSymbolExists.c.o: In function `main':
CheckSymbolExists.c:(.text+0x1b): undefined reference to `pthread_create'
collect2: error: ld returned 1 exit status
CMakeFiles/cmTC_629bf.dir/build.make:86: recipe for target 'cmTC_629bf' failed
make[1]: *** [cmTC_629bf] Error 1
make[1]: Opuszczenie katalogu '/home/piotr/CLionProjects/SK/cmake-build-debug/CMakeFiles/CMakeTmp'
Makefile:121: recipe for target 'cmTC_629bf/fast' failed
make: *** [cmTC_629bf/fast] Error 2

File /home/piotr/CLionProjects/SK/cmake-build-debug/CMakeFiles/CMakeTmp/CheckSymbolExists.c:
/* */
#include <pthread.h>

int main(int argc, char** argv)
{
  (void)argv;
#ifndef pthread_create
  return ((int*)(&pthread_create))[argc];
#else
  (void)argc;
  return 0;
#endif
}

